Unity Editor version:    2022.3.30f1 (70558241b701)
Branch:                  2022.3/staging
Build type:              Release
Batch mode:              YES
macOS version:           Version 14.5 (Build 23F79)
Darwin version:          23.5.0
Architecture:            x86_64
Running under Rosetta:   YES
Available memory:        8192 MB
Using pre-set license
Pro License: YES

COMMAND LINE ARGUMENTS:
/Applications/Unity/Hub/Editor/2022.3.30f1-x86_64/Unity.app/Contents/MacOS/Unity
-adb2
-batchMode
-noUpm
-name
AssetImportWorker0
-projectPath
/Users/pedromrtz/Desktop/Juego 3d/juego-unity-3d
-logFile
Logs/AssetImportWorker0.log
-srvPort
57825
Successfully changed project path to: /Users/pedromrtz/Desktop/Juego 3d/juego-unity-3d
/Users/pedromrtz/Desktop/Juego 3d/juego-unity-3d
[UnityMemory] Configuration Parameters - Can be set up in boot.config
    "memorysetup-bucket-allocator-granularity=16"
    "memorysetup-bucket-allocator-bucket-count=8"
    "memorysetup-bucket-allocator-block-size=33554432"
    "memorysetup-bucket-allocator-block-count=8"
    "memorysetup-main-allocator-block-size=16777216"
    "memorysetup-thread-allocator-block-size=16777216"
    "memorysetup-gfx-main-allocator-block-size=16777216"
    "memorysetup-gfx-thread-allocator-block-size=16777216"
    "memorysetup-cache-allocator-block-size=4194304"
    "memorysetup-typetree-allocator-block-size=2097152"
    "memorysetup-profiler-bucket-allocator-granularity=16"
    "memorysetup-profiler-bucket-allocator-bucket-count=8"
    "memorysetup-profiler-bucket-allocator-block-size=33554432"
    "memorysetup-profiler-bucket-allocator-block-count=8"
    "memorysetup-profiler-allocator-block-size=16777216"
    "memorysetup-profiler-editor-allocator-block-size=1048576"
    "memorysetup-temp-allocator-size-main=16777216"
    "memorysetup-job-temp-allocator-block-size=2097152"
    "memorysetup-job-temp-allocator-block-size-background=1048576"
    "memorysetup-job-temp-allocator-reduction-small-platforms=262144"
    "memorysetup-allocator-temp-initial-block-size-main=262144"
    "memorysetup-allocator-temp-initial-block-size-worker=262144"
    "memorysetup-temp-allocator-size-background-worker=32768"
    "memorysetup-temp-allocator-size-job-worker=262144"
    "memorysetup-temp-allocator-size-preload-manager=33554432"
    "memorysetup-temp-allocator-size-nav-mesh-worker=65536"
    "memorysetup-temp-allocator-size-audio-worker=65536"
    "memorysetup-temp-allocator-size-cloud-worker=32768"
    "memorysetup-temp-allocator-size-gi-baking-worker=262144"
    "memorysetup-temp-allocator-size-gfx=262144"
Player connection [8754848320] Host "[IP] 10.141.4.26 [Port] 0 [Flags] 2 [Guid] 4014688293 [EditorId] 4014688293 [Version] 1048832 [Id] OSXEditor(0,MacBook-Air-de-Pedro.local) [Debug] 1 [PackageName] OSXEditor [ProjectName] Editor" joined multi-casting on [225.0.0.222:54997]...

Player connection [8754848320] Host "[IP] 10.141.4.26 [Port] 0 [Flags] 2 [Guid] 4014688293 [EditorId] 4014688293 [Version] 1048832 [Id] OSXEditor(0,MacBook-Air-de-Pedro.local) [Debug] 1 [PackageName] OSXEditor [ProjectName] Editor" joined alternative multi-casting on [225.0.0.222:34997]...

[Physics::Module] Initialized MultithreadedJobDispatcher with 7 workers.
Refreshing native plugins compatible for Editor in 7.99 ms, found 2 plugins.
Preloading 0 native plugins for Editor in 0.00 ms.
Initialize engine version: 2022.3.30f1 (70558241b701)
[Subsystems] Discovering subsystems at path /Applications/Unity/Hub/Editor/2022.3.30f1-x86_64/Unity.app/Contents/Resources/UnitySubsystems
[Subsystems] Discovering subsystems at path /Users/pedromrtz/Desktop/Juego 3d/juego-unity-3d/Assets
GfxDevice: creating device client; threaded=0; jobified=0
 preferred device: Apple M2 (high power)
Metal devices available: 1
0: Apple M2 (high power)
Using device Apple M2 (high power)
Initializing Metal device caps: Apple M2
Initialize mono
Mono path[0] = '/Applications/Unity/Hub/Editor/2022.3.30f1-x86_64/Unity.app/Contents/Managed'
Mono path[1] = '/Applications/Unity/Hub/Editor/2022.3.30f1-x86_64/Unity.app/Contents/MonoBleedingEdge/lib/mono/unityjit-macos'
Mono config path = '/Applications/Unity/Hub/Editor/2022.3.30f1-x86_64/Unity.app/Contents/MonoBleedingEdge/etc'
Using monoOptions --debugger-agent=transport=dt_socket,embedding=1,server=y,suspend=n,address=127.0.0.1:56650
Begin MonoManager ReloadAssembly
Registering precompiled unity dll's ...
Register platform support module: /Applications/Unity/Hub/Editor/2022.3.30f1-x86_64/Unity.app/Contents/PlaybackEngines/MacStandaloneSupport/UnityEditor.OSXStandalone.Extensions.dll
Registered in 0.000932 seconds.
- Loaded All Assemblies, in  0.524 seconds
Native extension for OSXStandalone target not found
Mono: successfully reloaded assembly
- Finished resetting the current domain, in  0.856 seconds
Domain Reload Profiling: 1382ms
	BeginReloadAssembly (218ms)
		ExecutionOrderSort (0ms)
		DisableScriptedObjects (0ms)
		BackupInstance (0ms)
		ReleaseScriptingObjects (0ms)
		CreateAndSetChildDomain (3ms)
	RebuildCommonClasses (32ms)
	RebuildNativeTypeToScriptingClass (10ms)
	initialDomainReloadingComplete (136ms)
	LoadAllAssembliesAndSetupDomain (128ms)
		LoadAssemblies (215ms)
		RebuildTransferFunctionScriptingTraits (0ms)
		AnalyzeDomain (125ms)
			TypeCache.Refresh (122ms)
				TypeCache.ScanAssembly (108ms)
			ScanForSourceGeneratedMonoScriptInfo (0ms)
			ResolveRequiredComponents (2ms)
	FinalizeReload (858ms)
		ReleaseScriptCaches (0ms)
		RebuildScriptCaches (0ms)
		SetupLoadedEditorAssemblies (734ms)
			LogAssemblyErrors (0ms)
			InitializePlatformSupportModulesInManaged (22ms)
			SetLoadedEditorAssemblies (16ms)
			RefreshPlugins (0ms)
			BeforeProcessingInitializeOnLoad (8ms)
			ProcessInitializeOnLoadAttributes (513ms)
			ProcessInitializeOnLoadMethodAttributes (174ms)
			AfterProcessingInitializeOnLoad (0ms)
			EditorAssembliesLoaded (0ms)
		ExecutionOrderSort2 (0ms)
		AwakeInstancesAfterBackupRestoration (0ms)
========================================================================
Worker process is ready to serve import requests
Begin MonoManager ReloadAssembly
- Loaded All Assemblies, in  0.990 seconds
Refreshing native plugins compatible for Editor in 2.13 ms, found 2 plugins.
Native extension for OSXStandalone target not found
Package Manager log level set to [2]
[Package Manager] Server::EnsureServerProcessIsRunning -- launch failed, reason: Unity was launched with the -noUpm command-line argument
[Package Manager] UpmClient::Send -- Unable to send message (not connected to UPM process).
[Package Manager] Cannot connect to Unity Package Manager local server
Mono: successfully reloaded assembly
- Finished resetting the current domain, in  1.653 seconds
Domain Reload Profiling: 2646ms
	BeginReloadAssembly (339ms)
		ExecutionOrderSort (0ms)
		DisableScriptedObjects (36ms)
		BackupInstance (0ms)
		ReleaseScriptingObjects (0ms)
		CreateAndSetChildDomain (34ms)
	RebuildCommonClasses (34ms)
	RebuildNativeTypeToScriptingClass (10ms)
	initialDomainReloadingComplete (107ms)
	LoadAllAssembliesAndSetupDomain (502ms)
		LoadAssemblies (453ms)
		RebuildTransferFunctionScriptingTraits (0ms)
		AnalyzeDomain (207ms)
			TypeCache.Refresh (169ms)
				TypeCache.ScanAssembly (139ms)
			ScanForSourceGeneratedMonoScriptInfo (26ms)
			ResolveRequiredComponents (11ms)
	FinalizeReload (1654ms)
		ReleaseScriptCaches (0ms)
		RebuildScriptCaches (0ms)
		SetupLoadedEditorAssemblies (1319ms)
			LogAssemblyErrors (0ms)
			InitializePlatformSupportModulesInManaged (18ms)
			SetLoadedEditorAssemblies (7ms)
			RefreshPlugins (0ms)
			BeforeProcessingInitializeOnLoad (109ms)
			ProcessInitializeOnLoadAttributes (1097ms)
			ProcessInitializeOnLoadMethodAttributes (88ms)
			AfterProcessingInitializeOnLoad (1ms)
			EditorAssembliesLoaded (0ms)
		ExecutionOrderSort2 (0ms)
		AwakeInstancesAfterBackupRestoration (11ms)
Launching external process: /Applications/Unity/Hub/Editor/2022.3.30f1-x86_64/Unity.app/Contents/Tools/UnityShaderCompiler
Launched and connected shader compiler UnityShaderCompiler after 0.21 seconds
Refreshing native plugins compatible for Editor in 1.14 ms, found 2 plugins.
Preloading 0 native plugins for Editor in 0.00 ms.
Unloading 3104 Unused Serialized files (Serialized files now loaded: 0)
Unloading 33 unused Assets / (51.6 KB). Loaded Objects now: 3565.
Memory consumption went from 124.2 MB to 124.1 MB.
Total: 3.298000 ms (FindLiveObjects: 0.205333 ms CreateObjectMapping: 0.128500 ms MarkObjects: 2.802916 ms  DeleteObjects: 0.160542 ms)

AssetImportParameters requested are different than current active one (requested -> active):
  custom:container-demuxer-ogg: 62fdf1f143b41e24485cea50d1cbac27 -> 
  custom:video-decoder-ogg-theora: a1e56fd34408186e4bbccfd4996cb3dc -> 
  custom:CustomObjectIndexerAttribute: 9a22284fe3817be447336de3de66b15e -> 
  custom:container-demuxer-webm: 4f35f7cbe854078d1ac9338744f61a02 -> 
  custom:container-muxer-webm: aa71ff27fc2769a1b78a27578f13a17b -> 
  custom:video-decoder-webm-vp8: 9c59270c3fd7afecdb556c50c9e8de78 -> 
  custom:SearchIndexIgnoredProperties: e643bd26f0fe6173181afceb89e7c659 -> 
  custom:AudioImporter_EditorPlatform: 3918e3fc78b5a79bad01e8451be0beb8 -> 
  custom:framework-osx-AVFoundation: e770b220cccbd017edd2c1fefb359320 -> 
  custom:video-encoder-webm-vp8: eb34c28f22e8b96e1ab97ce403110664 -> 
  custom:audio-decoder-ogg-vorbis: bf7c407c2cedff20999df2af8eb42d56 -> 
  custom:audio-encoder-webm-vorbis: bf7c407c2cedff20999df2af8eb42d56 -> 
========================================================================
Received Import Request.
  Time since last request: 43832.701287 seconds.
  path: Assets/POLY STYLE - Platformer Starter Pack/Platformer Starter Pack_URP/Prefabs/Environments/Ground_G1.prefab
  artifactKey: Guid(4caec93c49ab5b34593a7cdc71d23e05) Importer(815301076,1909f56bfc062723c751e8b465ee728b)
Start importing Assets/POLY STYLE - Platformer Starter Pack/Platformer Starter Pack_URP/Prefabs/Environments/Ground_G1.prefab using Guid(4caec93c49ab5b34593a7cdc71d23e05) Importer(815301076,1909f56bfc062723c751e8b465ee728b)  -> (artifact id: '57deaa607bc7fcecd395dead6756e4e9') in 0.299848 seconds
Number of updated asset objects reloaded before import = 0
Number of asset objects unloaded after import = 13
========================================================================
Received Import Request.
  Time since last request: 0.000071 seconds.
  path: Assets/POLY STYLE - Platformer Starter Pack/Platformer Starter Pack_URP/Prefabs/Environments/Props_3.prefab
  artifactKey: Guid(e1f3eb9b7c62ede409fa1a4d6770ef88) Importer(815301076,1909f56bfc062723c751e8b465ee728b)
Start importing Assets/POLY STYLE - Platformer Starter Pack/Platformer Starter Pack_URP/Prefabs/Environments/Props_3.prefab using Guid(e1f3eb9b7c62ede409fa1a4d6770ef88) Importer(815301076,1909f56bfc062723c751e8b465ee728b)  -> (artifact id: 'c7a3a5a1a7d35e7347d572009e3c7070') in 0.017987 seconds
Number of updated asset objects reloaded before import = 0
Number of asset objects unloaded after import = 11
========================================================================
Received Import Request.
  Time since last request: 0.000486 seconds.
  path: Assets/POLY STYLE - Platformer Starter Pack/Platformer Starter Pack_URP/Prefabs/Environments/Stone_1.prefab
  artifactKey: Guid(b0035cc3b5e6130448e28efdaf06b319) Importer(815301076,1909f56bfc062723c751e8b465ee728b)
Start importing Assets/POLY STYLE - Platformer Starter Pack/Platformer Starter Pack_URP/Prefabs/Environments/Stone_1.prefab using Guid(b0035cc3b5e6130448e28efdaf06b319) Importer(815301076,1909f56bfc062723c751e8b465ee728b)  -> (artifact id: '564dbb38f01664325481fcee85cd4bb7') in 0.015485 seconds
Number of updated asset objects reloaded before import = 0
Number of asset objects unloaded after import = 10
========================================================================
Received Import Request.
  Time since last request: 0.001709 seconds.
  path: Assets/POLY STYLE - Platformer Starter Pack/Platformer Starter Pack_URP/Prefabs/Environments/Stone_3.prefab
  artifactKey: Guid(c6167d9e9d25c0a42a42842b617775c3) Importer(815301076,1909f56bfc062723c751e8b465ee728b)
Start importing Assets/POLY STYLE - Platformer Starter Pack/Platformer Starter Pack_URP/Prefabs/Environments/Stone_3.prefab using Guid(c6167d9e9d25c0a42a42842b617775c3) Importer(815301076,1909f56bfc062723c751e8b465ee728b)  -> (artifact id: '3319df85ad5c652272671f83dbda12ef') in 0.010464 seconds
Number of updated asset objects reloaded before import = 0
Number of asset objects unloaded after import = 10
========================================================================
Received Import Request.
  Time since last request: 0.000189 seconds.
  path: Assets/POLY STYLE - Platformer Starter Pack/Platformer Starter Pack_URP/Prefabs/Environments/Props_6.prefab
  artifactKey: Guid(bcdb601ee0e1144478b160e8530cefa2) Importer(815301076,1909f56bfc062723c751e8b465ee728b)
Start importing Assets/POLY STYLE - Platformer Starter Pack/Platformer Starter Pack_URP/Prefabs/Environments/Props_6.prefab using Guid(bcdb601ee0e1144478b160e8530cefa2) Importer(815301076,1909f56bfc062723c751e8b465ee728b)  -> (artifact id: '58d5688983d69dbc97025c94cfa322a6') in 0.007234 seconds
Number of updated asset objects reloaded before import = 0
Number of asset objects unloaded after import = 10
========================================================================
Received Import Request.
  Time since last request: 0.000124 seconds.
  path: Assets/POLY STYLE - Platformer Starter Pack/Platformer Starter Pack_URP/Prefabs/Environments/Ground_E1.prefab
  artifactKey: Guid(f09d76e28c315d442b4a6f6bc6ff9689) Importer(815301076,1909f56bfc062723c751e8b465ee728b)
Start importing Assets/POLY STYLE - Platformer Starter Pack/Platformer Starter Pack_URP/Prefabs/Environments/Ground_E1.prefab using Guid(f09d76e28c315d442b4a6f6bc6ff9689) Importer(815301076,1909f56bfc062723c751e8b465ee728b)  -> (artifact id: 'ba75af9716cb828b61753bd287f7a042') in 0.009832 seconds
Number of updated asset objects reloaded before import = 0
Number of asset objects unloaded after import = 17
========================================================================
Received Import Request.
  Time since last request: 0.000060 seconds.
  path: Assets/POLY STYLE - Platformer Starter Pack/Platformer Starter Pack_URP/Prefabs/Environments/Ground_D2.prefab
  artifactKey: Guid(f3e32ecb9bd57bc40ba45c6c55989484) Importer(815301076,1909f56bfc062723c751e8b465ee728b)
Start importing Assets/POLY STYLE - Platformer Starter Pack/Platformer Starter Pack_URP/Prefabs/Environments/Ground_D2.prefab using Guid(f3e32ecb9bd57bc40ba45c6c55989484) Importer(815301076,1909f56bfc062723c751e8b465ee728b)  -> (artifact id: '16e3409ddc34256f147d0ca6cd56720a') in 0.005648 seconds
Number of updated asset objects reloaded before import = 0
Number of asset objects unloaded after import = 14
========================================================================
Received Import Request.
  Time since last request: 0.000218 seconds.
  path: Assets/POLY STYLE - Platformer Starter Pack/Platformer Starter Pack_URP/Prefabs/Environments/Props_5.prefab
  artifactKey: Guid(9c41d981db5f5c14c8a3c97fa7093eaf) Importer(815301076,1909f56bfc062723c751e8b465ee728b)
Start importing Assets/POLY STYLE - Platformer Starter Pack/Platformer Starter Pack_URP/Prefabs/Environments/Props_5.prefab using Guid(9c41d981db5f5c14c8a3c97fa7093eaf) Importer(815301076,1909f56bfc062723c751e8b465ee728b)  -> (artifact id: '8ac4316e580f82aae1af62f6d4ef0056') in 0.008267 seconds
Number of updated asset objects reloaded before import = 0
Number of asset objects unloaded after import = 22
========================================================================
Received Import Request.
  Time since last request: 0.000195 seconds.
  path: Assets/POLY STYLE - Platformer Starter Pack/Platformer Starter Pack_URP/Prefabs/Environments/Props_10.prefab
  artifactKey: Guid(524443b7797344d49a3a83c3cf3e0a60) Importer(815301076,1909f56bfc062723c751e8b465ee728b)
Start importing Assets/POLY STYLE - Platformer Starter Pack/Platformer Starter Pack_URP/Prefabs/Environments/Props_10.prefab using Guid(524443b7797344d49a3a83c3cf3e0a60) Importer(815301076,1909f56bfc062723c751e8b465ee728b)  -> (artifact id: '520a2a34870e5a549d07021efc2f5e47') in 0.006933 seconds
Number of updated asset objects reloaded before import = 0
Number of asset objects unloaded after import = 16
========================================================================
Received Import Request.
  Time since last request: 0.000085 seconds.
  path: Assets/POLY STYLE - Platformer Starter Pack/Platformer Starter Pack_URP/Prefabs/Environments/Props_2.prefab
  artifactKey: Guid(bd95c52d6828fdf42b8081bed36bc037) Importer(815301076,1909f56bfc062723c751e8b465ee728b)
Start importing Assets/POLY STYLE - Platformer Starter Pack/Platformer Starter Pack_URP/Prefabs/Environments/Props_2.prefab using Guid(bd95c52d6828fdf42b8081bed36bc037) Importer(815301076,1909f56bfc062723c751e8b465ee728b)  -> (artifact id: '9f38e3d8e026d5a0ac832a50a86c7b38') in 0.007459 seconds
Number of updated asset objects reloaded before import = 0
Number of asset objects unloaded after import = 17
========================================================================
Received Import Request.
  Time since last request: 0.000118 seconds.
  path: Assets/POLY STYLE - Platformer Starter Pack/Platformer Starter Pack_URP/Prefabs/Environments/Props_1.prefab
  artifactKey: Guid(e898f64f4bb313b4093714a7f5141831) Importer(815301076,1909f56bfc062723c751e8b465ee728b)
Start importing Assets/POLY STYLE - Platformer Starter Pack/Platformer Starter Pack_URP/Prefabs/Environments/Props_1.prefab using Guid(e898f64f4bb313b4093714a7f5141831) Importer(815301076,1909f56bfc062723c751e8b465ee728b)  -> (artifact id: '07cefa256b8a0a2b6cc1c2a589ef292c') in 0.007144 seconds
Number of updated asset objects reloaded before import = 0
Number of asset objects unloaded after import = 17
========================================================================
Received Import Request.
  Time since last request: 0.000133 seconds.
  path: Assets/POLY STYLE - Platformer Starter Pack/Platformer Starter Pack_URP/Prefabs/Environments/Ground_G2.prefab
  artifactKey: Guid(cb219fb371521054188c0bae8153e9cd) Importer(815301076,1909f56bfc062723c751e8b465ee728b)
Start importing Assets/POLY STYLE - Platformer Starter Pack/Platformer Starter Pack_URP/Prefabs/Environments/Ground_G2.prefab using Guid(cb219fb371521054188c0bae8153e9cd) Importer(815301076,1909f56bfc062723c751e8b465ee728b)  -> (artifact id: '6a663236cd814faaffae5db20c1637c0') in 0.007746 seconds
Number of updated asset objects reloaded before import = 0
Number of asset objects unloaded after import = 11
========================================================================
Received Import Request.
  Time since last request: 0.000191 seconds.
  path: Assets/POLY STYLE - Platformer Starter Pack/Platformer Starter Pack_URP/Prefabs/Environments/Tree_3.prefab
  artifactKey: Guid(ba3eb6b685c0e0c4ba30d08ec22c45be) Importer(815301076,1909f56bfc062723c751e8b465ee728b)
Start importing Assets/POLY STYLE - Platformer Starter Pack/Platformer Starter Pack_URP/Prefabs/Environments/Tree_3.prefab using Guid(ba3eb6b685c0e0c4ba30d08ec22c45be) Importer(815301076,1909f56bfc062723c751e8b465ee728b)  -> (artifact id: 'd7c697792ed16944eb684fcf22944a98') in 0.007198 seconds
Number of updated asset objects reloaded before import = 0
Number of asset objects unloaded after import = 10
========================================================================
Received Import Request.
  Time since last request: 0.000257 seconds.
  path: Assets/POLY STYLE - Platformer Starter Pack/Platformer Starter Pack_URP/Prefabs/Environments/Tree_2.prefab
  artifactKey: Guid(68c7915e0967e9c4997abb068bcb6ec1) Importer(815301076,1909f56bfc062723c751e8b465ee728b)
Start importing Assets/POLY STYLE - Platformer Starter Pack/Platformer Starter Pack_URP/Prefabs/Environments/Tree_2.prefab using Guid(68c7915e0967e9c4997abb068bcb6ec1) Importer(815301076,1909f56bfc062723c751e8b465ee728b)  -> (artifact id: 'e32e0d0ede341c44803b70baca3163ce') in 0.008378 seconds
Number of updated asset objects reloaded before import = 0
Number of asset objects unloaded after import = 10
========================================================================
Received Import Request.
  Time since last request: 0.000499 seconds.
  path: Assets/POLY STYLE - Platformer Starter Pack/Platformer Starter Pack_URP/Prefabs/Environments/Props_11.prefab
  artifactKey: Guid(2cfd87436f82f694cb1ed07e801a4415) Importer(815301076,1909f56bfc062723c751e8b465ee728b)
Start importing Assets/POLY STYLE - Platformer Starter Pack/Platformer Starter Pack_URP/Prefabs/Environments/Props_11.prefab using Guid(2cfd87436f82f694cb1ed07e801a4415) Importer(815301076,1909f56bfc062723c751e8b465ee728b)  -> (artifact id: '2f9f899f64a6c2cb546d9c8967835a7f') in 0.007272 seconds
Number of updated asset objects reloaded before import = 0
Number of asset objects unloaded after import = 9
========================================================================
Received Import Request.
  Time since last request: 0.000165 seconds.
  path: Assets/POLY STYLE - Platformer Starter Pack/Platformer Starter Pack_URP/Prefabs/Environments/Ground_F.prefab
  artifactKey: Guid(20e0fa8e0cb7c1643895985f8d5b14d9) Importer(815301076,1909f56bfc062723c751e8b465ee728b)
Start importing Assets/POLY STYLE - Platformer Starter Pack/Platformer Starter Pack_URP/Prefabs/Environments/Ground_F.prefab using Guid(20e0fa8e0cb7c1643895985f8d5b14d9) Importer(815301076,1909f56bfc062723c751e8b465ee728b)  -> (artifact id: '2dd1646ff096dd66673ed1911b1b892d') in 0.008535 seconds
Number of updated asset objects reloaded before import = 0
Number of asset objects unloaded after import = 16
